[ 2015-10-21T08:54:47+08:00 ] 14.17.37.144 /favicon.ico
INFO: [ app_init ] --START--
INFO: Run Common\Behavior\InitHookBehavior [ RunTime:0.002058s ]
INFO: [ app_init ] --END-- [ RunTime:0.002579s ]
NOTIC: [8192] mysql_connect(): The mysql extension is deprecated and will be removed in the future: use mysqli or PDO instead /data/home/qxu1591190246/htdocs/Core/ThinkPHP/Library/Think/Db/Driver/Mysql.class.php 第 52 行.
SQL: SHOW COLUMNS FROM `hoptions` [ RunTime:0.001197s ]
SQL: SELECT * FROM `hoptions` WHERE ( `option_name` = 'SHOW_PAGE_TRACE' ) LIMIT 1   [ RunTime:0.000637s ]
SQL: SELECT * FROM `hoptions` WHERE ( `option_name` = 'COOKIE_DOMAIN' ) LIMIT 1   [ RunTime:0.000772s ]
NOTIC: [8] Use of undefined constant DEFAULT_EXPIRES_TIME - assumed 'DEFAULT_EXPIRES_TIME' /data/home/qxu1591190246/htdocs/Application/Common/Common/function.php 第 104 行.

[ 2015-10-21T10:13:12+08:00 ] 110.203.70.89 /favicon.ico
INFO: [ app_init ] --START--
INFO: Run Common\Behavior\InitHookBehavior [ RunTime:0.002101s ]
INFO: [ app_init ] --END-- [ RunTime:0.002531s ]
NOTIC: [8192] mysql_connect(): The mysql extension is deprecated and will be removed in the future: use mysqli or PDO instead /data/home/qxu1591190246/htdocs/Core/ThinkPHP/Library/Think/Db/Driver/Mysql.class.php 第 52 行.
SQL: SHOW COLUMNS FROM `hoptions` [ RunTime:0.001234s ]
SQL: SELECT * FROM `hoptions` WHERE ( `option_name` = 'SHOW_PAGE_TRACE' ) LIMIT 1   [ RunTime:0.000542s ]
SQL: SELECT * FROM `hoptions` WHERE ( `option_name` = 'COOKIE_DOMAIN' ) LIMIT 1   [ RunTime:0.000442s ]
NOTIC: [8] Use of undefined constant DEFAULT_EXPIRES_TIME - assumed 'DEFAULT_EXPIRES_TIME' /data/home/qxu1591190246/htdocs/Application/Common/Common/function.php 第 104 行.

[ 2015-10-21T12:26:46+08:00 ] 183.54.15.189 /favicon.ico
INFO: [ app_init ] --START--
INFO: Run Common\Behavior\InitHookBehavior [ RunTime:0.001940s ]
INFO: [ app_init ] --END-- [ RunTime:0.002342s ]
NOTIC: [8192] mysql_connect(): The mysql extension is deprecated and will be removed in the future: use mysqli or PDO instead /data/home/qxu1591190246/htdocs/Core/ThinkPHP/Library/Think/Db/Driver/Mysql.class.php 第 52 行.
SQL: SHOW COLUMNS FROM `hoptions` [ RunTime:0.001201s ]
SQL: SELECT * FROM `hoptions` WHERE ( `option_name` = 'SHOW_PAGE_TRACE' ) LIMIT 1   [ RunTime:0.000461s ]
SQL: SELECT * FROM `hoptions` WHERE ( `option_name` = 'COOKIE_DOMAIN' ) LIMIT 1   [ RunTime:0.000486s ]
NOTIC: [8] Use of undefined constant DEFAULT_EXPIRES_TIME - assumed 'DEFAULT_EXPIRES_TIME' /data/home/qxu1591190246/htdocs/Application/Common/Common/function.php 第 104 行.

[ 2015-10-21T12:27:01+08:00 ] 14.17.22.37 /favicon.ico
INFO: [ app_init ] --START--
INFO: Run Common\Behavior\InitHookBehavior [ RunTime:0.002484s ]
INFO: [ app_init ] --END-- [ RunTime:0.002950s ]
NOTIC: [8192] mysql_connect(): The mysql extension is deprecated and will be removed in the future: use mysqli or PDO instead /data/home/qxu1591190246/htdocs/Core/ThinkPHP/Library/Think/Db/Driver/Mysql.class.php 第 52 行.
SQL: SHOW COLUMNS FROM `hoptions` [ RunTime:0.001183s ]
SQL: SELECT * FROM `hoptions` WHERE ( `option_name` = 'SHOW_PAGE_TRACE' ) LIMIT 1   [ RunTime:0.000503s ]
SQL: SELECT * FROM `hoptions` WHERE ( `option_name` = 'COOKIE_DOMAIN' ) LIMIT 1   [ RunTime:0.000458s ]
NOTIC: [8] Use of undefined constant DEFAULT_EXPIRES_TIME - assumed 'DEFAULT_EXPIRES_TIME' /data/home/qxu1591190246/htdocs/Application/Common/Common/function.php 第 104 行.

[ 2015-10-21T12:28:44+08:00 ] 183.54.15.189 /favicon.ico
INFO: [ app_init ] --START--
INFO: Run Common\Behavior\InitHookBehavior [ RunTime:0.002185s ]
INFO: [ app_init ] --END-- [ RunTime:0.002640s ]
NOTIC: [8192] mysql_connect(): The mysql extension is deprecated and will be removed in the future: use mysqli or PDO instead /data/home/qxu1591190246/htdocs/Core/ThinkPHP/Library/Think/Db/Driver/Mysql.class.php 第 52 行.
SQL: SHOW COLUMNS FROM `hoptions` [ RunTime:0.001183s ]
SQL: SELECT * FROM `hoptions` WHERE ( `option_name` = 'SHOW_PAGE_TRACE' ) LIMIT 1   [ RunTime:0.000501s ]
SQL: SELECT * FROM `hoptions` WHERE ( `option_name` = 'COOKIE_DOMAIN' ) LIMIT 1   [ RunTime:0.000489s ]
NOTIC: [8] Use of undefined constant DEFAULT_EXPIRES_TIME - assumed 'DEFAULT_EXPIRES_TIME' /data/home/qxu1591190246/htdocs/Application/Common/Common/function.php 第 104 行.

[ 2015-10-21T12:36:48+08:00 ] 14.17.22.33 /favicon.ico
INFO: [ app_init ] --START--
INFO: Run Common\Behavior\InitHookBehavior [ RunTime:0.001923s ]
INFO: [ app_init ] --END-- [ RunTime:0.002340s ]
NOTIC: [8192] mysql_connect(): The mysql extension is deprecated and will be removed in the future: use mysqli or PDO instead /data/home/qxu1591190246/htdocs/Core/ThinkPHP/Library/Think/Db/Driver/Mysql.class.php 第 52 行.
SQL: SHOW COLUMNS FROM `hoptions` [ RunTime:0.001115s ]
SQL: SELECT * FROM `hoptions` WHERE ( `option_name` = 'SHOW_PAGE_TRACE' ) LIMIT 1   [ RunTime:0.000483s ]
SQL: SELECT * FROM `hoptions` WHERE ( `option_name` = 'COOKIE_DOMAIN' ) LIMIT 1   [ RunTime:0.000498s ]
NOTIC: [8] Use of undefined constant DEFAULT_EXPIRES_TIME - assumed 'DEFAULT_EXPIRES_TIME' /data/home/qxu1591190246/htdocs/Application/Common/Common/function.php 第 104 行.

[ 2015-10-21T12:39:49+08:00 ] 183.54.15.189 /favicon.ico
INFO: [ app_init ] --START--
INFO: Run Common\Behavior\InitHookBehavior [ RunTime:0.001907s ]
INFO: [ app_init ] --END-- [ RunTime:0.002362s ]
NOTIC: [8192] mysql_connect(): The mysql extension is deprecated and will be removed in the future: use mysqli or PDO instead /data/home/qxu1591190246/htdocs/Core/ThinkPHP/Library/Think/Db/Driver/Mysql.class.php 第 52 行.
SQL: SHOW COLUMNS FROM `hoptions` [ RunTime:0.001073s ]
SQL: SELECT * FROM `hoptions` WHERE ( `option_name` = 'SHOW_PAGE_TRACE' ) LIMIT 1   [ RunTime:0.000561s ]
SQL: SELECT * FROM `hoptions` WHERE ( `option_name` = 'COOKIE_DOMAIN' ) LIMIT 1   [ RunTime:0.000560s ]
NOTIC: [8] Use of undefined constant DEFAULT_EXPIRES_TIME - assumed 'DEFAULT_EXPIRES_TIME' /data/home/qxu1591190246/htdocs/Application/Common/Common/function.php 第 104 行.

[ 2015-10-21T15:29:30+08:00 ] 183.54.15.189 /favicon.ico
INFO: [ app_init ] --START--
INFO: Run Common\Behavior\InitHookBehavior [ RunTime:0.002003s ]
INFO: [ app_init ] --END-- [ RunTime:0.002411s ]
NOTIC: [8192] mysql_connect(): The mysql extension is deprecated and will be removed in the future: use mysqli or PDO instead /data/home/qxu1591190246/htdocs/Core/ThinkPHP/Library/Think/Db/Driver/Mysql.class.php 第 52 行.
SQL: SHOW COLUMNS FROM `hoptions` [ RunTime:0.001169s ]
SQL: SELECT * FROM `hoptions` WHERE ( `option_name` = 'SHOW_PAGE_TRACE' ) LIMIT 1   [ RunTime:0.000512s ]
SQL: SELECT * FROM `hoptions` WHERE ( `option_name` = 'COOKIE_DOMAIN' ) LIMIT 1   [ RunTime:0.000460s ]
NOTIC: [8] Use of undefined constant DEFAULT_EXPIRES_TIME - assumed 'DEFAULT_EXPIRES_TIME' /data/home/qxu1591190246/htdocs/Application/Common/Common/function.php 第 104 行.

[ 2015-10-21T15:32:02+08:00 ] 110.203.70.89 /favicon.ico
INFO: [ app_init ] --START--
INFO: Run Common\Behavior\InitHookBehavior [ RunTime:0.002143s ]
INFO: [ app_init ] --END-- [ RunTime:0.002571s ]
NOTIC: [8192] mysql_connect(): The mysql extension is deprecated and will be removed in the future: use mysqli or PDO instead /data/home/qxu1591190246/htdocs/Core/ThinkPHP/Library/Think/Db/Driver/Mysql.class.php 第 52 行.
SQL: SHOW COLUMNS FROM `hoptions` [ RunTime:0.001225s ]
SQL: SELECT * FROM `hoptions` WHERE ( `option_name` = 'SHOW_PAGE_TRACE' ) LIMIT 1   [ RunTime:0.000542s ]
SQL: SELECT * FROM `hoptions` WHERE ( `option_name` = 'COOKIE_DOMAIN' ) LIMIT 1   [ RunTime:0.000615s ]
NOTIC: [8] Use of undefined constant DEFAULT_EXPIRES_TIME - assumed 'DEFAULT_EXPIRES_TIME' /data/home/qxu1591190246/htdocs/Application/Common/Common/function.php 第 104 行.

[ 2015-10-21T15:32:02+08:00 ] 110.203.70.89 /favicon.ico
INFO: [ app_init ] --START--
INFO: Run Common\Behavior\InitHookBehavior [ RunTime:0.001974s ]
INFO: [ app_init ] --END-- [ RunTime:0.002435s ]
NOTIC: [8192] mysql_connect(): The mysql extension is deprecated and will be removed in the future: use mysqli or PDO instead /data/home/qxu1591190246/htdocs/Core/ThinkPHP/Library/Think/Db/Driver/Mysql.class.php 第 52 行.
SQL: SHOW COLUMNS FROM `hoptions` [ RunTime:0.001281s ]
SQL: SELECT * FROM `hoptions` WHERE ( `option_name` = 'SHOW_PAGE_TRACE' ) LIMIT 1   [ RunTime:0.000507s ]
SQL: SELECT * FROM `hoptions` WHERE ( `option_name` = 'COOKIE_DOMAIN' ) LIMIT 1   [ RunTime:0.000444s ]
NOTIC: [8] Use of undefined constant DEFAULT_EXPIRES_TIME - assumed 'DEFAULT_EXPIRES_TIME' /data/home/qxu1591190246/htdocs/Application/Common/Common/function.php 第 104 行.

[ 2015-10-21T16:24:18+08:00 ] 14.17.22.33 /favicon.ico
INFO: [ app_init ] --START--
INFO: Run Common\Behavior\InitHookBehavior [ RunTime:0.001975s ]
INFO: [ app_init ] --END-- [ RunTime:0.002406s ]
NOTIC: [8192] mysql_connect(): The mysql extension is deprecated and will be removed in the future: use mysqli or PDO instead /data/home/qxu1591190246/htdocs/Core/ThinkPHP/Library/Think/Db/Driver/Mysql.class.php 第 52 行.
SQL: SHOW COLUMNS FROM `hoptions` [ RunTime:0.001077s ]
SQL: SELECT * FROM `hoptions` WHERE ( `option_name` = 'SHOW_PAGE_TRACE' ) LIMIT 1   [ RunTime:0.000517s ]
SQL: SELECT * FROM `hoptions` WHERE ( `option_name` = 'COOKIE_DOMAIN' ) LIMIT 1   [ RunTime:0.000819s ]
NOTIC: [8] Use of undefined constant DEFAULT_EXPIRES_TIME - assumed 'DEFAULT_EXPIRES_TIME' /data/home/qxu1591190246/htdocs/Application/Common/Common/function.php 第 104 行.

[ 2015-10-21T16:48:27+08:00 ] 183.54.15.189 /favicon.ico
INFO: [ app_init ] --START--
INFO: Run Common\Behavior\InitHookBehavior [ RunTime:0.001913s ]
INFO: [ app_init ] --END-- [ RunTime:0.002340s ]
NOTIC: [8192] mysql_connect(): The mysql extension is deprecated and will be removed in the future: use mysqli or PDO instead /data/home/qxu1591190246/htdocs/Core/ThinkPHP/Library/Think/Db/Driver/Mysql.class.php 第 52 行.
SQL: SHOW COLUMNS FROM `hoptions` [ RunTime:0.001177s ]
SQL: SELECT * FROM `hoptions` WHERE ( `option_name` = 'SHOW_PAGE_TRACE' ) LIMIT 1   [ RunTime:0.000709s ]
SQL: SELECT * FROM `hoptions` WHERE ( `option_name` = 'COOKIE_DOMAIN' ) LIMIT 1   [ RunTime:0.000621s ]
NOTIC: [8] Use of undefined constant DEFAULT_EXPIRES_TIME - assumed 'DEFAULT_EXPIRES_TIME' /data/home/qxu1591190246/htdocs/Application/Common/Common/function.php 第 104 行.

[ 2015-10-21T16:48:27+08:00 ] 183.54.15.189 /favicon.ico
INFO: [ app_init ] --START--
INFO: Run Common\Behavior\InitHookBehavior [ RunTime:0.002112s ]
INFO: [ app_init ] --END-- [ RunTime:0.002543s ]
NOTIC: [8192] mysql_connect(): The mysql extension is deprecated and will be removed in the future: use mysqli or PDO instead /data/home/qxu1591190246/htdocs/Core/ThinkPHP/Library/Think/Db/Driver/Mysql.class.php 第 52 行.
SQL: SHOW COLUMNS FROM `hoptions` [ RunTime:0.001361s ]
SQL: SELECT * FROM `hoptions` WHERE ( `option_name` = 'SHOW_PAGE_TRACE' ) LIMIT 1   [ RunTime:0.000584s ]
SQL: SELECT * FROM `hoptions` WHERE ( `option_name` = 'COOKIE_DOMAIN' ) LIMIT 1   [ RunTime:0.000467s ]
NOTIC: [8] Use of undefined constant DEFAULT_EXPIRES_TIME - assumed 'DEFAULT_EXPIRES_TIME' /data/home/qxu1591190246/htdocs/Application/Common/Common/function.php 第 104 行.

[ 2015-10-21T16:48:35+08:00 ] 183.54.15.189 /favicon.ico
INFO: [ app_init ] --START--
INFO: Run Common\Behavior\InitHookBehavior [ RunTime:0.001955s ]
INFO: [ app_init ] --END-- [ RunTime:0.002365s ]
NOTIC: [8192] mysql_connect(): The mysql extension is deprecated and will be removed in the future: use mysqli or PDO instead /data/home/qxu1591190246/htdocs/Core/ThinkPHP/Library/Think/Db/Driver/Mysql.class.php 第 52 行.
SQL: SHOW COLUMNS FROM `hoptions` [ RunTime:0.001114s ]
SQL: SELECT * FROM `hoptions` WHERE ( `option_name` = 'SHOW_PAGE_TRACE' ) LIMIT 1   [ RunTime:0.000514s ]
SQL: SELECT * FROM `hoptions` WHERE ( `option_name` = 'COOKIE_DOMAIN' ) LIMIT 1   [ RunTime:0.000447s ]
NOTIC: [8] Use of undefined constant DEFAULT_EXPIRES_TIME - assumed 'DEFAULT_EXPIRES_TIME' /data/home/qxu1591190246/htdocs/Application/Common/Common/function.php 第 104 行.

[ 2015-10-21T16:49:00+08:00 ] 183.54.15.189 /favicon.ico
INFO: [ app_init ] --START--
INFO: Run Common\Behavior\InitHookBehavior [ RunTime:0.001928s ]
INFO: [ app_init ] --END-- [ RunTime:0.002391s ]
NOTIC: [8192] mysql_connect(): The mysql extension is deprecated and will be removed in the future: use mysqli or PDO instead /data/home/qxu1591190246/htdocs/Core/ThinkPHP/Library/Think/Db/Driver/Mysql.class.php 第 52 行.
SQL: SHOW COLUMNS FROM `hoptions` [ RunTime:0.001253s ]
SQL: SELECT * FROM `hoptions` WHERE ( `option_name` = 'SHOW_PAGE_TRACE' ) LIMIT 1   [ RunTime:0.000478s ]
SQL: SELECT * FROM `hoptions` WHERE ( `option_name` = 'COOKIE_DOMAIN' ) LIMIT 1   [ RunTime:0.000482s ]
NOTIC: [8] Use of undefined constant DEFAULT_EXPIRES_TIME - assumed 'DEFAULT_EXPIRES_TIME' /data/home/qxu1591190246/htdocs/Application/Common/Common/function.php 第 104 行.

[ 2015-10-21T16:49:08+08:00 ] 183.54.15.189 /favicon.ico
INFO: [ app_init ] --START--
INFO: Run Common\Behavior\InitHookBehavior [ RunTime:0.001903s ]
INFO: [ app_init ] --END-- [ RunTime:0.002297s ]
NOTIC: [8192] mysql_connect(): The mysql extension is deprecated and will be removed in the future: use mysqli or PDO instead /data/home/qxu1591190246/htdocs/Core/ThinkPHP/Library/Think/Db/Driver/Mysql.class.php 第 52 行.
SQL: SHOW COLUMNS FROM `hoptions` [ RunTime:0.001209s ]
SQL: SELECT * FROM `hoptions` WHERE ( `option_name` = 'SHOW_PAGE_TRACE' ) LIMIT 1   [ RunTime:0.000520s ]
SQL: SELECT * FROM `hoptions` WHERE ( `option_name` = 'COOKIE_DOMAIN' ) LIMIT 1   [ RunTime:0.000483s ]
NOTIC: [8] Use of undefined constant DEFAULT_EXPIRES_TIME - assumed 'DEFAULT_EXPIRES_TIME' /data/home/qxu1591190246/htdocs/Application/Common/Common/function.php 第 104 行.

[ 2015-10-21T16:49:24+08:00 ] 183.54.15.189 /favicon.ico
INFO: [ app_init ] --START--
INFO: Run Common\Behavior\InitHookBehavior [ RunTime:0.003420s ]
INFO: [ app_init ] --END-- [ RunTime:0.003950s ]
NOTIC: [8192] mysql_connect(): The mysql extension is deprecated and will be removed in the future: use mysqli or PDO instead /data/home/qxu1591190246/htdocs/Core/ThinkPHP/Library/Think/Db/Driver/Mysql.class.php 第 52 行.
SQL: SHOW COLUMNS FROM `hoptions` [ RunTime:0.000917s ]
SQL: SELECT * FROM `hoptions` WHERE ( `option_name` = 'SHOW_PAGE_TRACE' ) LIMIT 1   [ RunTime:0.000504s ]
SQL: SELECT * FROM `hoptions` WHERE ( `option_name` = 'COOKIE_DOMAIN' ) LIMIT 1   [ RunTime:0.000552s ]
NOTIC: [8] Use of undefined constant DEFAULT_EXPIRES_TIME - assumed 'DEFAULT_EXPIRES_TIME' /data/home/qxu1591190246/htdocs/Application/Common/Common/function.php 第 104 行.

[ 2015-10-21T16:49:24+08:00 ] 183.54.15.189 /favicon.ico
INFO: [ app_init ] --START--
INFO: Run Common\Behavior\InitHookBehavior [ RunTime:0.002011s ]
INFO: [ app_init ] --END-- [ RunTime:0.002458s ]
NOTIC: [8192] mysql_connect(): The mysql extension is deprecated and will be removed in the future: use mysqli or PDO instead /data/home/qxu1591190246/htdocs/Core/ThinkPHP/Library/Think/Db/Driver/Mysql.class.php 第 52 行.
SQL: SHOW COLUMNS FROM `hoptions` [ RunTime:0.001270s ]
SQL: SELECT * FROM `hoptions` WHERE ( `option_name` = 'SHOW_PAGE_TRACE' ) LIMIT 1   [ RunTime:0.000485s ]
SQL: SELECT * FROM `hoptions` WHERE ( `option_name` = 'COOKIE_DOMAIN' ) LIMIT 1   [ RunTime:0.000491s ]
NOTIC: [8] Use of undefined constant DEFAULT_EXPIRES_TIME - assumed 'DEFAULT_EXPIRES_TIME' /data/home/qxu1591190246/htdocs/Application/Common/Common/function.php 第 104 行.

[ 2015-10-21T16:49:33+08:00 ] 183.54.15.189 /favicon.ico
INFO: [ app_init ] --START--
INFO: Run Common\Behavior\InitHookBehavior [ RunTime:0.002202s ]
INFO: [ app_init ] --END-- [ RunTime:0.002628s ]
NOTIC: [8192] mysql_connect(): The mysql extension is deprecated and will be removed in the future: use mysqli or PDO instead /data/home/qxu1591190246/htdocs/Core/ThinkPHP/Library/Think/Db/Driver/Mysql.class.php 第 52 行.
SQL: SHOW COLUMNS FROM `hoptions` [ RunTime:0.001186s ]
SQL: SELECT * FROM `hoptions` WHERE ( `option_name` = 'SHOW_PAGE_TRACE' ) LIMIT 1   [ RunTime:0.000580s ]
SQL: SELECT * FROM `hoptions` WHERE ( `option_name` = 'COOKIE_DOMAIN' ) LIMIT 1   [ RunTime:0.000640s ]
NOTIC: [8] Use of undefined constant DEFAULT_EXPIRES_TIME - assumed 'DEFAULT_EXPIRES_TIME' /data/home/qxu1591190246/htdocs/Application/Common/Common/function.php 第 104 行.

[ 2015-10-21T16:57:45+08:00 ] 183.54.15.189 /favicon.ico
INFO: [ app_init ] --START--
INFO: Run Common\Behavior\InitHookBehavior [ RunTime:0.002024s ]
INFO: [ app_init ] --END-- [ RunTime:0.002444s ]
NOTIC: [8192] mysql_connect(): The mysql extension is deprecated and will be removed in the future: use mysqli or PDO instead /data/home/qxu1591190246/htdocs/Core/ThinkPHP/Library/Think/Db/Driver/Mysql.class.php 第 52 行.
SQL: SHOW COLUMNS FROM `hoptions` [ RunTime:0.001195s ]
SQL: SELECT * FROM `hoptions` WHERE ( `option_name` = 'SHOW_PAGE_TRACE' ) LIMIT 1   [ RunTime:0.000740s ]
SQL: SELECT * FROM `hoptions` WHERE ( `option_name` = 'COOKIE_DOMAIN' ) LIMIT 1   [ RunTime:0.000547s ]
NOTIC: [8] Use of undefined constant DEFAULT_EXPIRES_TIME - assumed 'DEFAULT_EXPIRES_TIME' /data/home/qxu1591190246/htdocs/Application/Common/Common/function.php 第 104 行.

