[ 2015-10-07T19:05:38+08:00 ] 127.0.0.1 /install.php?m=install&c=index&a=step2
INFO: [ app_init ] --START--
INFO: [ app_init ] --END-- [ RunTime:0.000000s ]
NOTIC: [8] Use of undefined constant GreenCMS_DB_TYPE - assumed 'GreenCMS_DB_TYPE' E:\honey\Install\Install\Conf\config.php 第 11 行.
NOTIC: [8] Use of undefined constant GreenCMS_DB_HOST - assumed 'GreenCMS_DB_HOST' E:\honey\Install\Install\Conf\config.php 第 12 行.
NOTIC: [8] Use of undefined constant GreenCMS_DB_NAME - assumed 'GreenCMS_DB_NAME' E:\honey\Install\Install\Conf\config.php 第 13 行.
NOTIC: [8] Use of undefined constant GreenCMS_DB_USR - assumed 'GreenCMS_DB_USR' E:\honey\Install\Install\Conf\config.php 第 14 行.
NOTIC: [8] Use of undefined constant GreenCMS_DB_PWD - assumed 'GreenCMS_DB_PWD' E:\honey\Install\Install\Conf\config.php 第 15 行.
NOTIC: [8] Use of undefined constant GreenCMS_DB_PORT - assumed 'GreenCMS_DB_PORT' E:\honey\Install\Install\Conf\config.php 第 16 行.
NOTIC: [8] Use of undefined constant GreenCMS_DB_PREFIX - assumed 'GreenCMS_DB_PREFIX' E:\honey\Install\Install\Conf\config.php 第 17 行.
INFO: [ app_begin ] --START--
INFO: Run Behavior\ReadHtmlCacheBehavior [ RunTime:0.000000s ]
INFO: [ app_begin ] --END-- [ RunTime:0.000000s ]
INFO: [ view_parse ] --START--
INFO: [ template_filter ] --START--
INFO: Run Behavior\ContentReplaceBehavior [ RunTime:0.000000s ]
INFO: [ template_filter ] --END-- [ RunTime:0.000000s ]
NOTIC: [8] Undefined variable: user E:\honey\Install\Runtime\Cache\Install\c6b95ffd6107dd1ef083fee46b437e31.php 第 201 行.
NOTIC: [8] Undefined variable: user E:\honey\Install\Runtime\Cache\Install\c6b95ffd6107dd1ef083fee46b437e31.php 第 209 行.
NOTIC: [8] Undefined variable: user E:\honey\Install\Runtime\Cache\Install\c6b95ffd6107dd1ef083fee46b437e31.php 第 209 行.
NOTIC: [8] Undefined variable: user E:\honey\Install\Runtime\Cache\Install\c6b95ffd6107dd1ef083fee46b437e31.php 第 210 行.
NOTIC: [8] Undefined variable: user E:\honey\Install\Runtime\Cache\Install\c6b95ffd6107dd1ef083fee46b437e31.php 第 228 行.
INFO: Run Behavior\ParseTemplateBehavior [ RunTime:0.012000s ]
INFO: [ view_parse ] --END-- [ RunTime:0.012000s ]
INFO: [ view_filter ] --START--
INFO: Run Behavior\WriteHtmlCacheBehavior [ RunTime:0.001000s ]
INFO: [ view_filter ] --END-- [ RunTime:0.001000s ]
INFO: [ app_end ] --START--
INFO: Run Behavior\ShowPageTraceBehavior [ RunTime:0.000000s ]
INFO: [ app_end ] --END-- [ RunTime:0.000000s ]

[ 2015-10-07T19:05:42+08:00 ] 127.0.0.1 /install.php?m=install&c=index&a=step3
INFO: [ app_init ] --START--
INFO: [ app_init ] --END-- [ RunTime:0.000000s ]
NOTIC: [8] Use of undefined constant GreenCMS_DB_TYPE - assumed 'GreenCMS_DB_TYPE' E:\honey\Install\Install\Conf\config.php 第 11 行.
NOTIC: [8] Use of undefined constant GreenCMS_DB_HOST - assumed 'GreenCMS_DB_HOST' E:\honey\Install\Install\Conf\config.php 第 12 行.
NOTIC: [8] Use of undefined constant GreenCMS_DB_NAME - assumed 'GreenCMS_DB_NAME' E:\honey\Install\Install\Conf\config.php 第 13 行.
NOTIC: [8] Use of undefined constant GreenCMS_DB_USR - assumed 'GreenCMS_DB_USR' E:\honey\Install\Install\Conf\config.php 第 14 行.
NOTIC: [8] Use of undefined constant GreenCMS_DB_PWD - assumed 'GreenCMS_DB_PWD' E:\honey\Install\Install\Conf\config.php 第 15 行.
NOTIC: [8] Use of undefined constant GreenCMS_DB_PORT - assumed 'GreenCMS_DB_PORT' E:\honey\Install\Install\Conf\config.php 第 16 行.
NOTIC: [8] Use of undefined constant GreenCMS_DB_PREFIX - assumed 'GreenCMS_DB_PREFIX' E:\honey\Install\Install\Conf\config.php 第 17 行.
INFO: [ app_begin ] --START--
INFO: Run Behavior\ReadHtmlCacheBehavior [ RunTime:0.001000s ]
INFO: [ app_begin ] --END-- [ RunTime:0.001000s ]
INFO: [ view_parse ] --START--
INFO: [ template_filter ] --START--
INFO: Run Behavior\ContentReplaceBehavior [ RunTime:0.000000s ]
INFO: [ template_filter ] --END-- [ RunTime:0.001000s ]
NOTIC: [8] Undefined variable: user E:\honey\Install\Runtime\Cache\Install\aa675d8a0a9813ca02a884d1fb52f238.php 第 209 行.
NOTIC: [8] Undefined variable: user E:\honey\Install\Runtime\Cache\Install\aa675d8a0a9813ca02a884d1fb52f238.php 第 217 行.
NOTIC: [8] Undefined variable: user E:\honey\Install\Runtime\Cache\Install\aa675d8a0a9813ca02a884d1fb52f238.php 第 217 行.
NOTIC: [8] Undefined variable: user E:\honey\Install\Runtime\Cache\Install\aa675d8a0a9813ca02a884d1fb52f238.php 第 218 行.
NOTIC: [8] Undefined variable: user E:\honey\Install\Runtime\Cache\Install\aa675d8a0a9813ca02a884d1fb52f238.php 第 236 行.
INFO: Run Behavior\ParseTemplateBehavior [ RunTime:0.014000s ]
INFO: [ view_parse ] --END-- [ RunTime:0.014000s ]
INFO: [ view_filter ] --START--
INFO: Run Behavior\WriteHtmlCacheBehavior [ RunTime:0.000000s ]
INFO: [ view_filter ] --END-- [ RunTime:0.000000s ]
INFO: [ app_end ] --START--
INFO: Run Behavior\ShowPageTraceBehavior [ RunTime:0.000000s ]
INFO: [ app_end ] --END-- [ RunTime:0.000000s ]

[ 2015-10-07T19:05:53+08:00 ] 127.0.0.1 /install.php?m=install&c=index&a=step4
INFO: [ app_init ] --START--
INFO: [ app_init ] --END-- [ RunTime:0.000000s ]
NOTIC: [8] Use of undefined constant GreenCMS_DB_TYPE - assumed 'GreenCMS_DB_TYPE' E:\honey\Install\Install\Conf\config.php 第 11 行.
NOTIC: [8] Use of undefined constant GreenCMS_DB_HOST - assumed 'GreenCMS_DB_HOST' E:\honey\Install\Install\Conf\config.php 第 12 行.
NOTIC: [8] Use of undefined constant GreenCMS_DB_NAME - assumed 'GreenCMS_DB_NAME' E:\honey\Install\Install\Conf\config.php 第 13 行.
NOTIC: [8] Use of undefined constant GreenCMS_DB_USR - assumed 'GreenCMS_DB_USR' E:\honey\Install\Install\Conf\config.php 第 14 行.
NOTIC: [8] Use of undefined constant GreenCMS_DB_PWD - assumed 'GreenCMS_DB_PWD' E:\honey\Install\Install\Conf\config.php 第 15 行.
NOTIC: [8] Use of undefined constant GreenCMS_DB_PORT - assumed 'GreenCMS_DB_PORT' E:\honey\Install\Install\Conf\config.php 第 16 行.
NOTIC: [8] Use of undefined constant GreenCMS_DB_PREFIX - assumed 'GreenCMS_DB_PREFIX' E:\honey\Install\Install\Conf\config.php 第 17 行.
INFO: [ app_begin ] --START--
INFO: Run Behavior\ReadHtmlCacheBehavior [ RunTime:0.001000s ]
INFO: [ app_begin ] --END-- [ RunTime:0.001000s ]
NOTIC: [8192] mysql_connect(): The mysql extension is deprecated and will be removed in the future: use mysqli or PDO instead E:\honey\Install\Install\Common\function.php 第 11 行.
NOTIC: [2] mysql_connect():  E:\honey\Install\Install\Common\function.php 第 11 行.
INFO: [ view_parse ] --START--
INFO: [ template_filter ] --START--
INFO: Run Behavior\ContentReplaceBehavior [ RunTime:0.000000s ]
INFO: [ template_filter ] --END-- [ RunTime:0.000000s ]
INFO: Run Behavior\ParseTemplateBehavior [ RunTime:0.012000s ]
INFO: [ view_parse ] --END-- [ RunTime:0.013000s ]
INFO: [ view_filter ] --START--
INFO: Run Behavior\WriteHtmlCacheBehavior [ RunTime:0.000000s ]
INFO: [ view_filter ] --END-- [ RunTime:0.000000s ]

[ 2015-10-07T19:42:22+08:00 ] 127.0.0.1 /install.php
INFO: [ app_init ] --START--
INFO: [ app_init ] --END-- [ RunTime:0.001000s ]
NOTIC: [8] Use of undefined constant GreenCMS_DB_TYPE - assumed 'GreenCMS_DB_TYPE' E:\honey\Install\Install\Conf\config.php 第 11 行.
NOTIC: [8] Use of undefined constant GreenCMS_DB_HOST - assumed 'GreenCMS_DB_HOST' E:\honey\Install\Install\Conf\config.php 第 12 行.
NOTIC: [8] Use of undefined constant GreenCMS_DB_NAME - assumed 'GreenCMS_DB_NAME' E:\honey\Install\Install\Conf\config.php 第 13 行.
NOTIC: [8] Use of undefined constant GreenCMS_DB_USR - assumed 'GreenCMS_DB_USR' E:\honey\Install\Install\Conf\config.php 第 14 行.
NOTIC: [8] Use of undefined constant GreenCMS_DB_PWD - assumed 'GreenCMS_DB_PWD' E:\honey\Install\Install\Conf\config.php 第 15 行.
NOTIC: [8] Use of undefined constant GreenCMS_DB_PORT - assumed 'GreenCMS_DB_PORT' E:\honey\Install\Install\Conf\config.php 第 16 行.
NOTIC: [8] Use of undefined constant GreenCMS_DB_PREFIX - assumed 'GreenCMS_DB_PREFIX' E:\honey\Install\Install\Conf\config.php 第 17 行.
INFO: [ app_begin ] --START--
INFO: Run Behavior\ReadHtmlCacheBehavior [ RunTime:0.001000s ]
INFO: [ app_begin ] --END-- [ RunTime:0.001000s ]

[ 2015-10-07T19:42:22+08:00 ] 127.0.0.1 /install.php?m=install&c=index&a=step1
INFO: [ app_init ] --START--
INFO: [ app_init ] --END-- [ RunTime:0.000000s ]
NOTIC: [8] Use of undefined constant GreenCMS_DB_TYPE - assumed 'GreenCMS_DB_TYPE' E:\honey\Install\Install\Conf\config.php 第 11 行.
NOTIC: [8] Use of undefined constant GreenCMS_DB_HOST - assumed 'GreenCMS_DB_HOST' E:\honey\Install\Install\Conf\config.php 第 12 行.
NOTIC: [8] Use of undefined constant GreenCMS_DB_NAME - assumed 'GreenCMS_DB_NAME' E:\honey\Install\Install\Conf\config.php 第 13 行.
NOTIC: [8] Use of undefined constant GreenCMS_DB_USR - assumed 'GreenCMS_DB_USR' E:\honey\Install\Install\Conf\config.php 第 14 行.
NOTIC: [8] Use of undefined constant GreenCMS_DB_PWD - assumed 'GreenCMS_DB_PWD' E:\honey\Install\Install\Conf\config.php 第 15 行.
NOTIC: [8] Use of undefined constant GreenCMS_DB_PORT - assumed 'GreenCMS_DB_PORT' E:\honey\Install\Install\Conf\config.php 第 16 行.
NOTIC: [8] Use of undefined constant GreenCMS_DB_PREFIX - assumed 'GreenCMS_DB_PREFIX' E:\honey\Install\Install\Conf\config.php 第 17 行.
INFO: [ app_begin ] --START--
INFO: Run Behavior\ReadHtmlCacheBehavior [ RunTime:0.001000s ]
INFO: [ app_begin ] --END-- [ RunTime:0.001000s ]
INFO: [ view_parse ] --START--
INFO: [ template_filter ] --START--
INFO: Run Behavior\ContentReplaceBehavior [ RunTime:0.000000s ]
INFO: [ template_filter ] --END-- [ RunTime:0.000000s ]
NOTIC: [8] Undefined variable: user E:\honey\Install\Runtime\Cache\Install\4d0188a3f0d1f8e46f3c71c07385e96d.php 第 201 行.
NOTIC: [8] Undefined variable: user E:\honey\Install\Runtime\Cache\Install\4d0188a3f0d1f8e46f3c71c07385e96d.php 第 209 行.
NOTIC: [8] Undefined variable: user E:\honey\Install\Runtime\Cache\Install\4d0188a3f0d1f8e46f3c71c07385e96d.php 第 209 行.
NOTIC: [8] Undefined variable: user E:\honey\Install\Runtime\Cache\Install\4d0188a3f0d1f8e46f3c71c07385e96d.php 第 210 行.
NOTIC: [8] Undefined variable: user E:\honey\Install\Runtime\Cache\Install\4d0188a3f0d1f8e46f3c71c07385e96d.php 第 228 行.
INFO: Run Behavior\ParseTemplateBehavior [ RunTime:0.015002s ]
INFO: [ view_parse ] --END-- [ RunTime:0.015002s ]
INFO: [ view_filter ] --START--
INFO: Run Behavior\WriteHtmlCacheBehavior [ RunTime:0.000000s ]
INFO: [ view_filter ] --END-- [ RunTime:0.000000s ]
INFO: [ app_end ] --START--
INFO: Run Behavior\ShowPageTraceBehavior [ RunTime:0.000000s ]
INFO: [ app_end ] --END-- [ RunTime:0.000000s ]

[ 2015-10-07T19:42:24+08:00 ] 127.0.0.1 /install.php?m=install&c=index&a=step2
INFO: [ app_init ] --START--
INFO: [ app_init ] --END-- [ RunTime:0.000000s ]
NOTIC: [8] Use of undefined constant GreenCMS_DB_TYPE - assumed 'GreenCMS_DB_TYPE' E:\honey\Install\Install\Conf\config.php 第 11 行.
NOTIC: [8] Use of undefined constant GreenCMS_DB_HOST - assumed 'GreenCMS_DB_HOST' E:\honey\Install\Install\Conf\config.php 第 12 行.
NOTIC: [8] Use of undefined constant GreenCMS_DB_NAME - assumed 'GreenCMS_DB_NAME' E:\honey\Install\Install\Conf\config.php 第 13 行.
NOTIC: [8] Use of undefined constant GreenCMS_DB_USR - assumed 'GreenCMS_DB_USR' E:\honey\Install\Install\Conf\config.php 第 14 行.
NOTIC: [8] Use of undefined constant GreenCMS_DB_PWD - assumed 'GreenCMS_DB_PWD' E:\honey\Install\Install\Conf\config.php 第 15 行.
NOTIC: [8] Use of undefined constant GreenCMS_DB_PORT - assumed 'GreenCMS_DB_PORT' E:\honey\Install\Install\Conf\config.php 第 16 行.
NOTIC: [8] Use of undefined constant GreenCMS_DB_PREFIX - assumed 'GreenCMS_DB_PREFIX' E:\honey\Install\Install\Conf\config.php 第 17 行.
INFO: [ app_begin ] --START--
INFO: Run Behavior\ReadHtmlCacheBehavior [ RunTime:0.001000s ]
INFO: [ app_begin ] --END-- [ RunTime:0.001000s ]
INFO: [ view_parse ] --START--
INFO: [ template_filter ] --START--
INFO: Run Behavior\ContentReplaceBehavior [ RunTime:0.000000s ]
INFO: [ template_filter ] --END-- [ RunTime:0.000000s ]
NOTIC: [8] Undefined variable: user E:\honey\Install\Runtime\Cache\Install\c6b95ffd6107dd1ef083fee46b437e31.php 第 201 行.
NOTIC: [8] Undefined variable: user E:\honey\Install\Runtime\Cache\Install\c6b95ffd6107dd1ef083fee46b437e31.php 第 209 行.
NOTIC: [8] Undefined variable: user E:\honey\Install\Runtime\Cache\Install\c6b95ffd6107dd1ef083fee46b437e31.php 第 209 行.
NOTIC: [8] Undefined variable: user E:\honey\Install\Runtime\Cache\Install\c6b95ffd6107dd1ef083fee46b437e31.php 第 210 行.
NOTIC: [8] Undefined variable: user E:\honey\Install\Runtime\Cache\Install\c6b95ffd6107dd1ef083fee46b437e31.php 第 228 行.
INFO: Run Behavior\ParseTemplateBehavior [ RunTime:0.016002s ]
INFO: [ view_parse ] --END-- [ RunTime:0.016002s ]
INFO: [ view_filter ] --START--
INFO: Run Behavior\WriteHtmlCacheBehavior [ RunTime:0.000000s ]
INFO: [ view_filter ] --END-- [ RunTime:0.000000s ]
INFO: [ app_end ] --START--
INFO: Run Behavior\ShowPageTraceBehavior [ RunTime:0.001000s ]
INFO: [ app_end ] --END-- [ RunTime:0.001000s ]

[ 2015-10-07T19:42:26+08:00 ] 127.0.0.1 /install.php?m=install&c=index&a=step3
INFO: [ app_init ] --START--
INFO: [ app_init ] --END-- [ RunTime:0.000000s ]
NOTIC: [8] Use of undefined constant GreenCMS_DB_TYPE - assumed 'GreenCMS_DB_TYPE' E:\honey\Install\Install\Conf\config.php 第 11 行.
NOTIC: [8] Use of undefined constant GreenCMS_DB_HOST - assumed 'GreenCMS_DB_HOST' E:\honey\Install\Install\Conf\config.php 第 12 行.
NOTIC: [8] Use of undefined constant GreenCMS_DB_NAME - assumed 'GreenCMS_DB_NAME' E:\honey\Install\Install\Conf\config.php 第 13 行.
NOTIC: [8] Use of undefined constant GreenCMS_DB_USR - assumed 'GreenCMS_DB_USR' E:\honey\Install\Install\Conf\config.php 第 14 行.
NOTIC: [8] Use of undefined constant GreenCMS_DB_PWD - assumed 'GreenCMS_DB_PWD' E:\honey\Install\Install\Conf\config.php 第 15 行.
NOTIC: [8] Use of undefined constant GreenCMS_DB_PORT - assumed 'GreenCMS_DB_PORT' E:\honey\Install\Install\Conf\config.php 第 16 行.
NOTIC: [8] Use of undefined constant GreenCMS_DB_PREFIX - assumed 'GreenCMS_DB_PREFIX' E:\honey\Install\Install\Conf\config.php 第 17 行.
INFO: [ app_begin ] --START--
INFO: Run Behavior\ReadHtmlCacheBehavior [ RunTime:0.001000s ]
INFO: [ app_begin ] --END-- [ RunTime:0.001000s ]
INFO: [ view_parse ] --START--
INFO: [ template_filter ] --START--
INFO: Run Behavior\ContentReplaceBehavior [ RunTime:0.000000s ]
INFO: [ template_filter ] --END-- [ RunTime:0.000000s ]
NOTIC: [8] Undefined variable: user E:\honey\Install\Runtime\Cache\Install\aa675d8a0a9813ca02a884d1fb52f238.php 第 209 行.
NOTIC: [8] Undefined variable: user E:\honey\Install\Runtime\Cache\Install\aa675d8a0a9813ca02a884d1fb52f238.php 第 217 行.
NOTIC: [8] Undefined variable: user E:\honey\Install\Runtime\Cache\Install\aa675d8a0a9813ca02a884d1fb52f238.php 第 217 行.
NOTIC: [8] Undefined variable: user E:\honey\Install\Runtime\Cache\Install\aa675d8a0a9813ca02a884d1fb52f238.php 第 218 行.
NOTIC: [8] Undefined variable: user E:\honey\Install\Runtime\Cache\Install\aa675d8a0a9813ca02a884d1fb52f238.php 第 236 行.
INFO: Run Behavior\ParseTemplateBehavior [ RunTime:0.013002s ]
INFO: [ view_parse ] --END-- [ RunTime:0.013002s ]
INFO: [ view_filter ] --START--
INFO: Run Behavior\WriteHtmlCacheBehavior [ RunTime:0.000000s ]
INFO: [ view_filter ] --END-- [ RunTime:0.000000s ]
INFO: [ app_end ] --START--
INFO: Run Behavior\ShowPageTraceBehavior [ RunTime:0.000000s ]
INFO: [ app_end ] --END-- [ RunTime:0.000000s ]

[ 2015-10-07T19:42:55+08:00 ] 127.0.0.1 /install.php?m=install&c=index&a=step4
INFO: [ app_init ] --START--
INFO: [ app_init ] --END-- [ RunTime:0.000000s ]
NOTIC: [8] Use of undefined constant GreenCMS_DB_TYPE - assumed 'GreenCMS_DB_TYPE' E:\honey\Install\Install\Conf\config.php 第 11 行.
NOTIC: [8] Use of undefined constant GreenCMS_DB_HOST - assumed 'GreenCMS_DB_HOST' E:\honey\Install\Install\Conf\config.php 第 12 行.
NOTIC: [8] Use of undefined constant GreenCMS_DB_NAME - assumed 'GreenCMS_DB_NAME' E:\honey\Install\Install\Conf\config.php 第 13 行.
NOTIC: [8] Use of undefined constant GreenCMS_DB_USR - assumed 'GreenCMS_DB_USR' E:\honey\Install\Install\Conf\config.php 第 14 行.
NOTIC: [8] Use of undefined constant GreenCMS_DB_PWD - assumed 'GreenCMS_DB_PWD' E:\honey\Install\Install\Conf\config.php 第 15 行.
NOTIC: [8] Use of undefined constant GreenCMS_DB_PORT - assumed 'GreenCMS_DB_PORT' E:\honey\Install\Install\Conf\config.php 第 16 行.
NOTIC: [8] Use of undefined constant GreenCMS_DB_PREFIX - assumed 'GreenCMS_DB_PREFIX' E:\honey\Install\Install\Conf\config.php 第 17 行.
INFO: [ app_begin ] --START--
INFO: Run Behavior\ReadHtmlCacheBehavior [ RunTime:0.001000s ]
INFO: [ app_begin ] --END-- [ RunTime:0.001000s ]
NOTIC: [8192] mysql_connect(): The mysql extension is deprecated and will be removed in the future: use mysqli or PDO instead E:\honey\Install\Install\Common\function.php 第 11 行.
NOTIC: [8192] mysql_connect(): The mysql extension is deprecated and will be removed in the future: use mysqli or PDO instead E:\honey\Install\Install\Controller\IndexController.class.php 第 152 行.

